<?xml version="1.0" encoding="UTF-8"?>
<!-- Generated by org.testng.reporters.JUnitXMLReporter -->
<testsuite ignored="0" hostname="Ravikant" failures="0" tests="4" name="Test" time="11.078" errors="0" timestamp="2024-06-18T22:00:02 IST">
  <testcase classname="Testng.SecondtestOrangehrm" name="openapp" time="5.803"/>
  <testcase classname="Testng.SecondtestOrangehrm" name="testLogo" time="3.071"/>
  <testcase classname="Testng.SecondtestOrangehrm" name="testLogin" time="1.793"/>
  <testcase classname="Testng.SecondtestOrangehrm" name="closeApp" time="0.345"/>
</testsuite> <!-- Test -->
