<?xml version="1.0" encoding="UTF-8"?>
<!-- Generated by org.testng.reporters.JUnitXMLReporter -->
<testsuite ignored="0" hostname="Ravikant" failures="0" tests="7" name="my suite" time="12.292" errors="0" timestamp="2024-06-18T22:19:19 IST">
  <testcase classname="Testng.SecondtestOrangehrm" name="openapp" time="7.039"/>
  <testcase classname="Testng.SecondtestOrangehrm" name="testLogo" time="3.089"/>
  <testcase classname="Testng.SecondtestOrangehrm" name="testLogin" time="1.725"/>
  <testcase classname="Testng.SecondtestOrangehrm" name="closeApp" time="0.359"/>
  <testcase classname="Testng.FirstTestCase" name="openapp" time="0.001"/>
  <testcase classname="Testng.FirstTestCase" name="login" time="0.002"/>
  <testcase classname="Testng.FirstTestCase" name="logout" time="0.002"/>
</testsuite> <!-- my suite -->
