<?xml version="1.0" encoding="UTF-8"?>
<testng-results ignored="0" total="1" passed="1" failed="0" skipped="0">
  <reporter-output>
  </reporter-output>
  <suite started-at="2024-06-19T10:36:34 IST" name="Default suite" finished-at="2024-06-19T10:36:34 IST" duration-ms="48">
    <groups>
    </groups>
    <test started-at="2024-06-19T10:36:34 IST" name="Default test" finished-at="2024-06-19T10:36:34 IST" duration-ms="48">
      <class name="Testng.c1">
        <test-method is-config="true" signature="bt()[pri:0, instance:Testng.c1@6ae5aa72]" started-at="2024-06-19T10:36:34 IST" name="bt" finished-at="2024-06-19T10:36:34 IST" duration-ms="8" status="PASS">
          <reporter-output>
          </reporter-output>
        </test-method> <!-- bt -->
        <test-method signature="abc()[pri:0, instance:Testng.c1@6ae5aa72]" started-at="2024-06-19T10:36:34 IST" name="abc" finished-at="2024-06-19T10:36:34 IST" duration-ms="9" status="PASS">
          <reporter-output>
          </reporter-output>
        </test-method> <!-- abc -->
      </class> <!-- Testng.c1 -->
    </test> <!-- Default test -->
  </suite> <!-- Default suite -->
</testng-results>
